[    1021ms] Error: Minified React error #418; visit https://reactjs.org/docs/error-decoder.html?invariant=418 for the full message or use the non-minified dev environment for full errors and additional helpful warnings.
    at sa (https://jinaga.com/framework-95d71700a5fc055c562f.js:2:59547)
    at xi (https://jinaga.com/framework-95d71700a5fc055c562f.js:2:132179)
    at bs (https://jinaga.com/framework-95d71700a5fc055c562f.js:2:119749)
    at vs (https://jinaga.com/framework-95d71700a5fc055c562f.js:2:119677)
    at gs (https://jinaga.com/framework-95d71700a5fc055c562f.js:2:119540)
    at ls (https://jinaga.com/framework-95d71700a5fc055c562f.js:2:114703)
    at S (https://jinaga.com/framework-95d71700a5fc055c562f.js:2:2370)
    at MessagePort.T (https://jinaga.com/framework-95d71700a5fc055c562f.js:2:2902)
[    1024ms] Error: Minified React error #418; visit https://reactjs.org/docs/error-decoder.html?invariant=418 for the full message or use the non-minified dev environment for full errors and additional helpful warnings.
    at sa (https://jinaga.com/framework-95d71700a5fc055c562f.js:2:59547)
    at xi (https://jinaga.com/framework-95d71700a5fc055c562f.js:2:132179)
    at bs (https://jinaga.com/framework-95d71700a5fc055c562f.js:2:119749)
    at vs (https://jinaga.com/framework-95d71700a5fc055c562f.js:2:119677)
    at gs (https://jinaga.com/framework-95d71700a5fc055c562f.js:2:119540)
    at ls (https://jinaga.com/framework-95d71700a5fc055c562f.js:2:114703)
    at S (https://jinaga.com/framework-95d71700a5fc055c562f.js:2:2370)
    at MessagePort.T (https://jinaga.com/framework-95d71700a5fc055c562f.js:2:2902)
[    1024ms] Error: Minified React error #418; visit https://reactjs.org/docs/error-decoder.html?invariant=418 for the full message or use the non-minified dev environment for full errors and additional helpful warnings.
    at sa (https://jinaga.com/framework-95d71700a5fc055c562f.js:2:59547)
    at xi (https://jinaga.com/framework-95d71700a5fc055c562f.js:2:132179)
    at bs (https://jinaga.com/framework-95d71700a5fc055c562f.js:2:119749)
    at vs (https://jinaga.com/framework-95d71700a5fc055c562f.js:2:119677)
    at gs (https://jinaga.com/framework-95d71700a5fc055c562f.js:2:119540)
    at ls (https://jinaga.com/framework-95d71700a5fc055c562f.js:2:114703)
    at S (https://jinaga.com/framework-95d71700a5fc055c562f.js:2:2370)
    at MessagePort.T (https://jinaga.com/framework-95d71700a5fc055c562f.js:2:2902)
[    1024ms] Error: Minified React error #418; visit https://reactjs.org/docs/error-decoder.html?invariant=418 for the full message or use the non-minified dev environment for full errors and additional helpful warnings.
    at sa (https://jinaga.com/framework-95d71700a5fc055c562f.js:2:59547)
    at xi (https://jinaga.com/framework-95d71700a5fc055c562f.js:2:132179)
    at bs (https://jinaga.com/framework-95d71700a5fc055c562f.js:2:119749)
    at vs (https://jinaga.com/framework-95d71700a5fc055c562f.js:2:119677)
    at gs (https://jinaga.com/framework-95d71700a5fc055c562f.js:2:119540)
    at ls (https://jinaga.com/framework-95d71700a5fc055c562f.js:2:114703)
    at S (https://jinaga.com/framework-95d71700a5fc055c562f.js:2:2370)
    at MessagePort.T (https://jinaga.com/framework-95d71700a5fc055c562f.js:2:2902)
[    1024ms] Error: Minified React error #423; visit https://reactjs.org/docs/error-decoder.html?invariant=423 for the full message or use the non-minified dev environment for full errors and additional helpful warnings.
    at xi (https://jinaga.com/framework-95d71700a5fc055c562f.js:2:131865)
    at bs (https://jinaga.com/framework-95d71700a5fc055c562f.js:2:119749)
    at vs (https://jinaga.com/framework-95d71700a5fc055c562f.js:2:119677)
    at gs (https://jinaga.com/framework-95d71700a5fc055c562f.js:2:119540)
    at as (https://jinaga.com/framework-95d71700a5fc055c562f.js:2:116375)
    at ls (https://jinaga.com/framework-95d71700a5fc055c562f.js:2:114930)
    at S (https://jinaga.com/framework-95d71700a5fc055c562f.js:2:2370)
    at MessagePort.T (https://jinaga.com/framework-95d71700a5fc055c562f.js:2:2902)
